<?xml version="1.0" encoding="UTF-8"?>
<!-- Generated by org.testng.reporters.JUnitReportReporter -->
<testsuite hostname="Lenovo-IdeaPad" name="com.hrms.testscripts.TC_102_Add_NEWEMP" tests="1" failures="0" timestamp="20 Mar 2019 11:50:05 GMT" time="67.036" errors="0">
  <testcase name="tc102" time="67.036" classname="com.hrms.testscripts.TC_102_Add_NEWEMP"/>
</testsuite> <!-- com.hrms.testscripts.TC_102_Add_NEWEMP -->
