<?xml version="1.0" encoding="UTF-8"?>
<!-- Generated by org.testng.reporters.JUnitReportReporter -->
<testsuite hostname="Lenovo-IdeaPad" name="com.hrms.testscripts.AnnotationExmp" tests="2" failures="0" timestamp="17 Mar 2019 17:25:50 GMT" time="0.009" errors="0">
  <testcase name="delEmp" time="0.000" classname="com.hrms.testscripts.AnnotationExmp"/>
  <testcase name="addEmp" time="0.009" classname="com.hrms.testscripts.AnnotationExmp"/>
</testsuite> <!-- com.hrms.testscripts.AnnotationExmp -->
