<?xml version="1.0" encoding="UTF-8"?>
<!-- Generated by org.testng.reporters.JUnitReportReporter -->
<testsuite hostname="Lenovo-IdeaPad" name="com.hrms.testscripts.WebDriverTestng" tests="2" failures="0" timestamp="17 Mar 2019 17:39:01 GMT" time="9.983" errors="0">
  <testcase name="login" time="9.372" classname="com.hrms.testscripts.WebDriverTestng"/>
  <testcase name="logout" time="0.611" classname="com.hrms.testscripts.WebDriverTestng"/>
</testsuite> <!-- com.hrms.testscripts.WebDriverTestng -->
