<?xml version="1.0" encoding="UTF-8"?>
<!-- Generated by org.testng.reporters.JUnitReportReporter -->
<testsuite hostname="Lenovo-IdeaPad" name="com.hrms.testscripts.TC_101_VerifyLogin" tests="1" failures="0" timestamp="2 Apr 2019 13:19:42 GMT" time="48.653" errors="0">
  <testcase name="tc101" time="48.653" classname="com.hrms.testscripts.TC_101_VerifyLogin"/>
</testsuite> <!-- com.hrms.testscripts.TC_101_VerifyLogin -->
