<?xml version="1.0" encoding="UTF-8"?>
<!-- Generated by org.testng.reporters.JUnitReportReporter -->
<testsuite hostname="Lenovo-IdeaPad" name="com.hrms.testscripts.ExcelTestng" tests="1" failures="0" timestamp="17 Mar 2019 18:23:21 GMT" time="6.552" errors="0">
  <testcase name="login" time="6.552" classname="com.hrms.testscripts.ExcelTestng"/>
</testsuite> <!-- com.hrms.testscripts.ExcelTestng -->
