<?xml version="1.0" encoding="UTF-8"?>
<!-- Generated by org.testng.reporters.JUnitReportReporter -->
<testsuite hostname="Lenovo-IdeaPad" name="com.hrms.testscripts.TC_101" tests="1" failures="0" timestamp="17 Mar 2019 17:19:28 GMT" time="21.900" errors="0">
  <testcase name="login" time="21.900" classname="com.hrms.testscripts.TC_101"/>
</testsuite> <!-- com.hrms.testscripts.TC_101 -->
